1 32 0.388000 
1 64 0.404000 
1 96 0.597000 
1 128 0.452000 
1 160 0.456000 
1 192 0.520000 
1 224 0.471000 
1 256 0.464000 
1 288 0.482000 
1 320 0.516000 
1 352 0.499000 
1 384 0.504000 
1 416 0.854000 
1 448 0.524000 
1 480 0.547000 
1 512 0.768000 
2 32 0.446000 
2 64 0.433000 
2 96 0.443000 
2 128 0.463000 
2 160 0.491000 
2 192 0.457000 
2 224 0.478000 
2 256 0.471000 
2 288 0.486000 
2 320 0.603000 
2 352 0.496000 
2 384 0.522000 
2 416 0.623000 
2 448 0.512000 
2 480 0.895000 
2 512 0.533000 
3 32 0.422000 
3 64 0.447000 
3 96 0.444000 
3 128 0.521000 
3 160 0.490000 
3 192 0.544000 
3 224 0.477000 
3 256 0.833000 
3 288 0.540000 
3 320 0.617000 
3 352 0.498000 
3 384 0.969000 
3 416 0.587000 
3 448 0.542000 
3 480 0.522000 
3 512 0.535000 
4 32 0.424000 
4 64 0.690000 
4 96 0.440000 
4 128 0.465000 
4 160 0.495000 
4 192 0.724000 
4 224 0.470000 
4 256 0.938000 
4 288 0.491000 
4 320 0.567000 
4 352 0.685000 
4 384 0.657000 
4 416 0.556000 
4 448 0.704000 
4 480 0.559000 
4 512 0.531000 
5 32 0.472000 
5 64 0.454000 
5 96 0.453000 
5 128 0.468000 
5 160 0.476000 
5 192 0.466000 
5 224 0.479000 
5 256 0.629000 
5 288 0.488000 
5 320 0.485000 
5 352 0.504000 
5 384 0.636000 
5 416 1.052000 
5 448 0.915000 
5 480 0.815000 
5 512 0.538000 
6 32 0.867000 
6 64 0.831000 
6 96 0.471000 
6 128 0.463000 
6 160 0.445000 
6 192 0.460000 
6 224 0.514000 
6 256 0.588000 
6 288 0.483000 
6 320 0.489000 
6 352 0.504000 
6 384 0.516000 
6 416 0.519000 
6 448 0.826000 
6 480 0.565000 
6 512 0.532000 
7 32 0.426000 
7 64 0.451000 
7 96 0.561000 
7 128 0.482000 
7 160 0.497000 
7 192 0.467000 
7 224 0.601000 
