1 32 4.528000 
1 64 5.684000 
1 96 5.770000 
1 128 6.232000 
1 160 6.573000 
1 192 6.624000 
1 224 4.198000 
1 256 6.823000 
1 288 7.129000 
1 320 7.222000 
1 352 6.415000 
1 384 7.390000 
1 416 7.260000 
1 448 7.152000 
1 480 7.136000 
1 512 7.618000 
2 32 3.308000 
2 64 5.768000 
2 96 6.026000 
2 128 6.429000 
2 160 6.540000 
2 192 6.601000 
2 224 6.512000 
2 256 3.962000 
2 288 7.433000 
2 320 7.272000 
2 352 4.149000 
2 384 6.984000 
2 416 4.546000 
2 448 7.589000 
2 480 7.543000 
2 512 8.427000 
3 32 5.193000 
3 64 5.081000 
3 96 5.689000 
3 128 6.326000 
3 160 7.011000 
3 192 6.944000 
3 224 7.413000 
3 256 6.898000 
3 288 8.526000 
3 320 8.131000 
3 352 9.069000 
3 384 9.051000 
3 416 9.787000 
3 448 10.068000 
3 480 9.405000 
3 512 9.768000 
4 32 5.512000 
4 64 5.928000 
4 96 6.319000 
4 128 6.188000 
4 160 6.889000 
4 192 7.978000 
4 224 8.134000 
4 256 8.197000 
4 288 9.277000 
4 320 9.230000 
4 352 9.428000 
4 384 8.421000 
4 416 11.002000 
4 448 10.752000 
4 480 11.402000 
4 512 11.366000 
5 32 5.676000 
5 64 5.369000 
5 96 6.013000 
5 128 7.019000 
5 160 6.491000 
5 192 7.902000 
5 224 8.243000 
5 256 9.151000 
5 288 9.271000 
5 320 8.517000 
5 352 10.742000 
5 384 9.521000 
5 416 11.712000 
5 448 11.974000 
5 480 12.936000 
5 512 12.582000 
6 32 5.683000 
6 64 6.247000 
6 96 6.554000 
6 128 7.599000 
6 160 7.940000 
6 192 4.734000 
6 224 9.171000 
6 256 9.240000 
6 288 10.660000 
6 320 10.901000 
6 352 6.271000 
6 384 12.637000 
6 416 13.113000 
6 448 13.613000 
6 480 14.327000 
6 512 14.337000 
7 32 6.187000 
7 64 5.656000 
7 96 5.851000 
7 128 7.761000 
7 160 8.580000 
7 192 9.034000 
7 224 8.443000 
7 256 10.129000 
7 288 9.088000 
7 320 11.830000 
7 352 6.741000 
7 384 13.765000 
7 416 13.178000 
7 448 14.843000 
7 480 7.695000 
7 512 13.870000 
8 32 6.057000 
8 64 6.413000 
8 96 6.612000 
8 128 8.245000 
8 160 8.892000 
8 192 9.542000 
8 224 10.926000 
8 256 11.207000 
8 288 12.152000 
8 320 12.820000 
8 352 14.144000 
8 384 14.560000 
8 416 15.950000 
8 448 14.345000 
8 480 14.959000 
8 512 18.249000 
9 32 6.647000 
9 64 7.099000 
9 96 8.085000 
9 128 8.584000 
9 160 9.081000 
9 192 8.624000 
9 224 11.236000 
9 256 6.244000 
9 288 11.318000 
9 320 6.898000 
9 352 13.605000 
9 384 15.961000 
9 416 12.837000 
9 448 18.201000 
9 480 18.400000 
9 512 19.195000 
10 32 6.690000 
10 64 4.181000 
10 96 8.030000 
10 128 9.183000 
10 160 9.469000 
10 192 5.772000 
10 224 11.897000 
10 256 13.558000 
10 288 14.665000 
10 320 15.644000 
10 352 16.549000 
10 384 17.968000 
10 416 17.867000 
10 448 19.296000 
10 480 20.223000 
10 512 21.481000 
11 32 3.808000 
11 64 6.900000 
11 96 8.798000 
11 128 9.397000 
11 160 10.728000 
11 192 11.534000 
11 224 12.836000 
11 256 14.028000 
11 288 15.245000 
11 320 7.862000 
11 352 15.559000 
11 384 17.035000 
11 416 21.683000 
11 448 20.996000 
11 480 19.641000 
11 512 23.339000 
12 32 3.880000 
12 64 4.507000 
12 96 4.386000 
12 128 9.734000 
12 160 11.590000 
12 192 12.803000 
12 224 13.698000 
12 256 14.848000 
12 288 15.820000 
12 320 17.421000 
12 352 16.611000 
12 384 20.226000 
12 416 22.251000 
12 448 22.454000 
12 480 20.160000 
12 512 24.929000 
13 32 6.713000 
13 64 7.686000 
13 96 9.179000 
13 128 10.410000 
13 160 11.381000 
13 192 12.975000 
13 224 14.540000 
13 256 15.849000 
13 288 17.297000 
13 320 18.106000 
13 352 17.427000 
13 384 21.262000 
13 416 22.016000 
13 448 24.080000 
13 480 25.762000 
13 512 23.800000 
14 32 6.451000 
14 64 8.426000 
14 96 9.778000 
14 128 11.086000 
14 160 12.350000 
14 192 14.027000 
14 224 15.174000 
14 256 16.294000 
14 288 17.614000 
14 320 19.151000 
14 352 20.690000 
14 384 19.355000 
14 416 23.942000 
14 448 11.874000 
14 480 26.862000 
14 512 28.589000 
15 32 6.621000 
15 64 7.381000 
15 96 8.225000 
15 128 9.833000 
15 160 10.419000 
15 192 14.378000 
15 224 16.002000 
15 256 16.830000 
15 288 16.847000 
15 320 10.068000 
15 352 20.276000 
15 384 21.759000 
15 416 24.665000 
15 448 27.150000 
15 480 28.102000 
15 512 23.892000 
16 32 6.520000 
16 64 8.403000 
16 96 10.239000 
16 128 11.008000 
16 160 13.109000 
16 192 16.060000 
16 224 16.527000 
16 256 17.948000 
16 288 20.380000 
16 320 22.010000 
16 352 19.247000 
16 384 22.050000 
16 416 27.101000 
16 448 27.972000 
16 480 29.567000 
16 512 30.945000 
17 32 6.508000 
17 64 8.643000 
17 96 7.061000 
17 128 12.498000 
17 160 13.934000 
17 192 15.890000 
17 224 17.111000 
17 256 19.239000 
17 288 21.203000 
17 320 22.781000 
17 352 25.039000 
17 384 25.629000 
17 416 28.272000 
17 448 25.572000 
17 480 14.361000 
17 512 32.311000 
18 32 7.308000 
18 64 8.105000 
18 96 5.540000 
18 128 11.190000 
18 160 14.587000 
18 192 16.604000 
18 224 8.629000 
18 256 9.424000 
18 288 18.589000 
18 320 23.867000 
18 352 26.037000 
18 384 12.599000 
18 416 29.019000 
18 448 14.077000 
18 480 32.719000 
18 512 34.894000 
19 32 6.464000 
19 64 4.522000 
19 96 9.683000 
19 128 13.784000 
19 160 15.250000 
19 192 16.347000 
19 224 18.757000 
19 256 20.565000 
19 288 22.908000 
19 320 24.204000 
19 352 26.397000 
19 384 29.488000 
19 416 30.833000 
19 448 31.872000 
19 480 34.505000 
19 512 36.214000 
